-------------------------------------------------------------------------------
Test set: com.parkit.parkingsystem.FareCalculatorServiceTest
-------------------------------------------------------------------------------
Tests run: 11, Failures: 3, Errors: 2, Skipped: 0, Time elapsed: 0.023 s <<< FAILURE! - in com.parkit.parkingsystem.FareCalculatorServiceTest
calculateFareCarWithLessThanOneHourParkingTime  Time elapsed: 0.007 s  <<< FAILURE!
org.opentest4j.AssertionFailedError: expected: <1.125> but was: <1.5>
	at com.parkit.parkingsystem.FareCalculatorServiceTest.calculateFareCarWithLessThanOneHourParkingTime(FareCalculatorServiceTest.java:136)

calculateFareCarWithDiscount  Time elapsed: 0 s  <<< ERROR!
java.lang.Error: 
Unresolved compilation problem: 
	The method calculateFare(Ticket) in the type FareCalculatorService is not applicable for the arguments (Ticket, boolean)

	at com.parkit.parkingsystem.FareCalculatorServiceTest.calculateFareCarWithDiscount(FareCalculatorServiceTest.java:214)

calculateFareCarWithMoreThanADayParkingTime  Time elapsed: 0 s  <<< FAILURE!
org.opentest4j.AssertionFailedError: expected: <36.0> but was: <0.0>
	at com.parkit.parkingsystem.FareCalculatorServiceTest.calculateFareCarWithMoreThanADayParkingTime(FareCalculatorServiceTest.java:185)

calculateFareBikeWithDiscountFor  Time elapsed: 0 s  <<< ERROR!
java.lang.Error: 
Unresolved compilation problem: 
	The method calculateFare(Ticket) in the type FareCalculatorService is not applicable for the arguments (Ticket, boolean)

	at com.parkit.parkingsystem.FareCalculatorServiceTest.calculateFareBikeWithDiscountFor(FareCalculatorServiceTest.java:239)

calculateFareBikeWithLessThanOneHourParkingTime  Time elapsed: 0.001 s  <<< FAILURE!
org.opentest4j.AssertionFailedError: expected: <0.75> but was: <1.0>
	at com.parkit.parkingsystem.FareCalculatorServiceTest.calculateFareBikeWithLessThanOneHourParkingTime(FareCalculatorServiceTest.java:119)

