-------------------------------------------------------------------------------
Test set: com.parkit.parkingsystem.ParkingSpotDAOTest
-------------------------------------------------------------------------------
Tests run: 1, Failures: 0, Errors: 1, Skipped: 0, Time elapsed: 0 s <<< FAILURE! - in com.parkit.parkingsystem.ParkingSpotDAOTest
com.parkit.parkingsystem.ParkingSpotDAOTest  Time elapsed: 0 s  <<< ERROR!
java.lang.NoClassDefFoundError: DataBaseTestConfig
Caused by: java.lang.ClassNotFoundException: DataBaseTestConfig

